#
# A fatal error has been detected by the Java Runtime Environment:
#
#  SIGSEGV (0xb) at pc=0x000000012bf4158d, pid=22437, tid=775
#
# JRE version: Java(TM) SE Runtime Environment (8.0_45-b14) (build 1.8.0_45-b14)
# Java VM: Java HotSpot(TM) 64-Bit Server VM (25.45-b02 mixed mode bsd-amd64 compressed oops)
# Problematic frame:
# C  [libglass.dylib+0x1558d]  GlassScreenDidChangeScreenParameters+0x9d
#
# Failed to write core dump. Core dumps have been disabled. To enable core dumping, try "ulimit -c unlimited" before starting Java again
#
# If you would like to submit a bug report, please visit:
#   http://bugreport.java.com/bugreport/crash.jsp
#

---------------  T H R E A D  ---------------

Current thread is native thread

siginfo: si_signo: 11 (SIGSEGV), si_code: 1 (SEGV_MAPERR), si_addr: 0x0000000000000000

Registers:
RAX=0x000000012bf73bc0, RBX=0x0000000000000000, RCX=0x0000000000000103, RDX=0x00007f9725a421f0
RSP=0x00007fff5333f0f0, RBP=0x00007fff5333f100, RSI=0x00007f971f6049d8, RDI=0x0000000000000000
R8 =0x0000000000000040, R9 =0x00007fffcd177040, R10=0xffffffffffffffff, R11=0x0000000000012068
R12=0x0000000000000000, R13=0x00007f971f464040, R14=0x00007f972f30db20, R15=0x0000000000000000
RIP=0x000000012bf4158d, EFLAGS=0x0000000000010206, ERR=0x0000000000000004
  TRAPNO=0x000000000000000e

Top of Stack: (sp=0x00007fff5333f0f0)
0x00007fff5333f0f0:   00007f971f464100 00007f972f30db20
0x00007fff5333f100:   00007fff5333f110 00007fffaf0b15ec
0x00007fff5333f110:   00007fff5333f180 00007fffaf0b14eb
0x00007fff5333f120:   000000010c8df200 00007fffcd172060
0x00007fff5333f130:   00000000c2000000 00007fffaf0b1540
0x00007fff5333f140:   00007fffc9ae1680 00007f971f464040
0x00007fff5333f150:   00007f972f30db20 00007fff5333f8f8
0x00007fff5333f160:   00007fff5333f240 00007fffc3abab40
0x00007fff5333f170:   00007f971f464040 00007fffad83c60a
0x00007fff5333f180:   00007fff5333f1c0 00007fffaf0b1252
0x00007fff5333f190:   00007fff5333f780 0000000000000000
0x00007fff5333f1a0:   00007fff5333f240 00007fffc3abab40
0x00007fff5333f1b0:   00007fff5333f8f8 00007fffad83c60a
0x00007fff5333f1c0:   00007fff5333f8b0 00007fffaf06f972
0x00007fff5333f1d0:   00007f971f490600 01ffffffc9adbb01
0x00007fff5333f1e0:   00007f971f60dd50 00007fffc9ae2cb0
0x00007fff5333f1f0:   0000000000000000 00007f972192d048
0x00007fff5333f200:   00007f971f60dd01 00007f971f7069f0
0x00007fff5333f210:   00007fffc9c14f70 0000000000000000
0x00007fff5333f220:   00007f971f464130 0000000000000000
0x00007fff5333f230:   0000000000000000 00007fffc9b218a0
0x00007fff5333f240:   00007fff5333f780 0000000000000001
0x00007fff5333f250:   0000000000000100 00007fffaf06aa00
0x00007fff5333f260:   00007fff5333f680 0000000000000000
0x00007fff5333f270:   0000000000000100 00007fffc9b22e00
0x00007fff5333f280:   00007f971f40e010 0000000000000001
0x00007fff5333f290:   00007fff5333f8e0 00007fffaf06a549
0x00007fff5333f2a0:   00007fff5333f340 00007fffae602c8f
0x00007fff5333f2b0:   00007fffc9c14c30 0000000000000001
0x00007fff5333f2c0:   0000000000000000 0000000000000003
0x00007fff5333f2d0:   00007fff5333f360 00007fffc453e4fc
0x00007fff5333f2e0:   000040005333f310 00007f970f4000c0 

Instructions: (pc=0x000000012bf4158d)
0x000000012bf4156d:   89 df 4c 89 f1 41 ff 90 68 04 00 00 48 8d 05 48
0x000000012bf4157d:   25 03 00 48 8b 30 48 8d 05 36 26 03 00 48 8b 10
0x000000012bf4158d:   48 8b 0b 30 c0 48 89 df ff 91 68 04 00 00 48 8b
0x000000012bf4159d:   03 48 89 df ff 50 78 48 85 c0 74 36 49 89 c6 48 

Register to memory mapping:

RAX=0x000000012bf73bc0: jScreenNotifySettingsChanged+0 in /Library/Java/JavaVirtualMachines/jdk1.8.0_45.jdk/Contents/Home/jre/lib/libglass.dylib at 0x000000012bf2c000
RBX=0x0000000000000000 is an unknown value
RCX=0x0000000000000103 is an unknown value
RDX=0x00007f9725a421f0 is an unknown value
RSP=0x00007fff5333f0f0 is an unknown value
RBP=0x00007fff5333f100 is an unknown value
RSI=0x00007f971f6049d8 is a global jni handle
RDI=0x0000000000000000 is an unknown value
R8 =0x0000000000000040 is an unknown value
R9 =0x00007fffcd177040: __sFX+0x1c0 in /usr/lib/system/libsystem_c.dylib at 0x00007fffc43da000
R10=0xffffffffffffffff is an unknown value
R11=0x0000000000012068 is an unknown value
R12=0x0000000000000000 is an unknown value
R13=0x00007f971f464040 is an unknown value
R14=0x00007f972f30db20 is an unknown value
R15=0x0000000000000000 is an unknown value


Stack: [0x00007fff52b43000,0x00007fff53343000],  sp=0x00007fff5333f0f0,  free space=8176k
Native frames: (J=compiled Java code, j=interpreted, Vv=VM code, C=native code)
C  [libglass.dylib+0x1558d]  GlassScreenDidChangeScreenParameters+0x9d
C  [CoreFoundation+0x9a5ec]  __CFNOTIFICATIONCENTER_IS_CALLING_OUT_TO_AN_OBSERVER__+0xc
C  [CoreFoundation+0x9a4eb]  _CFXRegistrationPost+0x1ab
C  [CoreFoundation+0x9a252]  ___CFXNotificationPost_block_invoke+0x32
C  [CoreFoundation+0x58972]  -[_CFXNotificationRegistrar find:object:observer:enumerator:]+0x7e2
C  [CoreFoundation+0x5795b]  _CFXNotificationPost+0x29b
C  [Foundation+0x70e3]  -[NSNotificationCenter postNotificationName:object:userInfo:]+0x42
C  [AppKit+0x3f0efa]  -[NSApplication _reactToScreenInvalidationImmediately:]+0x18f
C  [AppKit+0x3f0d37]  __44-[NSApplication _reactToScreenInvalidation:]_block_invoke+0x3b
C  [CoreFoundation+0xa430c]  __CFRUNLOOP_IS_CALLING_OUT_TO_A_BLOCK__+0xc
C  [CoreFoundation+0x85634]  __CFRunLoopDoBlocks+0x164
C  [CoreFoundation+0x85176]  __CFRunLoopRun+0x766
C  [CoreFoundation+0x847b4]  CFRunLoopRunSpecific+0x1a4
C  [java+0x6490]  CreateExecutionEnvironment+0x367
C  [java+0x221c]  JLI_Launch+0x7a0
C  [java+0x84ed]  main+0x65
C  [java+0x1a74]  start+0x34


---------------  P R O C E S S  ---------------

VM state:at safepoint (normal execution)

VM Mutex/Monitor currently owned by a thread:  ([mutex/lock_event])
[0x00007f9720a02c50] Threads_lock - owner thread: 0x00007f9720042000
[0x00007f9720a03150] Heap_lock - owner thread: 0x00007f9721806000

Heap:
 PSYoungGen      total 76288K, used 7133K [0x000000076ab00000, 0x0000000770000000, 0x00000007c0000000)
  eden space 65536K, 2% used [0x000000076ab00000,0x000000076ac47b18,0x000000076eb00000)
  from space 10752K, 54% used [0x000000076eb00000,0x000000076f0afac0,0x000000076f580000)
  to   space 10752K, 0% used [0x000000076f580000,0x000000076f580000,0x0000000770000000)
 ParOldGen       total 175104K, used 88K [0x00000006c0000000, 0x00000006cab00000, 0x000000076ab00000)
  object space 175104K, 0% used [0x00000006c0000000,0x00000006c0016010,0x00000006cab00000)
 Metaspace       used 16766K, capacity 17536K, committed 17792K, reserved 1064960K
  class space    used 2366K, capacity 2594K, committed 2688K, reserved 1048576K

Card table byte_map: [0x000000010ed29000,0x000000010f52a000] byte_map_base: 0x000000010b729000

Marking Bits: (ParMarkBitMap*) 0x000000010e2c27a0
 Begin Bits: [0x000000010fa80000, 0x0000000113a80000)
 End Bits:   [0x0000000113a80000, 0x0000000117a80000)

Polling page: 0x000000010c97d000

CodeCache: size=245760Kb used=4738Kb max_used=4738Kb free=241021Kb
 bounds [0x000000011944b000, 0x00000001198fb000, 0x000000012844b000]
 total_blobs=2217 nmethods=1566 adapters=564
 compilation: enabled

Compilation events (10 events):
Event: 1847.151 Thread 0x00007f971f834000 nmethod 1562 0x00000001198dfe50 code [0x00000001198dffa0, 0x00000001198e00b0]
Event: 1847.152 Thread 0x00007f971f834000 1563       3       java.lang.Class::newReflectionData (74 bytes)
Event: 1847.153 Thread 0x00007f971f834000 nmethod 1563 0x00000001198eb5d0 code [0x00000001198eb7c0, 0x00000001198ec190]
Event: 1847.154 Thread 0x00007f971f834000 1564       3       jdk.internal.org.objectweb.asm.MethodWriter::visitTypeInsn (110 bytes)
Event: 1847.154 Thread 0x00007f971f834000 nmethod 1564 0x00000001198ec550 code [0x00000001198ec700, 0x00000001198ecb48]
Event: 1847.246 Thread 0x00007f971f834000 1566       3       sun.misc.VM::addFinalRefCount (24 bytes)
Event: 1847.246 Thread 0x00007f971f834000 nmethod 1566 0x00000001198ed090 code [0x00000001198ed200, 0x00000001198ed3b0]
Event: 1847.246 Thread 0x00007f971f834000 1567       3       java.lang.ref.Reference::access$100 (4 bytes)
Event: 1847.247 Thread 0x00007f971f834000 nmethod 1567 0x00000001198ed410 code [0x00000001198ed560, 0x00000001198ed6b0]
Event: 1847.247 Thread 0x00007f971f834000 1568   !   3       java.lang.ref.ReferenceQueue::enqueue (119 bytes)

GC Heap History (2 events):
Event: 1847.184 GC heap before
{Heap before GC invocations=1 (full 0):
 PSYoungGen      total 76288K, used 65536K [0x000000076ab00000, 0x0000000770000000, 0x00000007c0000000)
  eden space 65536K, 100% used [0x000000076ab00000,0x000000076eb00000,0x000000076eb00000)
  from space 10752K, 0% used [0x000000076f580000,0x000000076f580000,0x0000000770000000)
  to   space 10752K, 0% used [0x000000076eb00000,0x000000076eb00000,0x000000076f580000)
 ParOldGen       total 175104K, used 0K [0x00000006c0000000, 0x00000006cab00000, 0x000000076ab00000)
  object space 175104K, 0% used [0x00000006c0000000,0x00000006c0000000,0x00000006cab00000)
 Metaspace       used 16763K, capacity 17530K, committed 17792K, reserved 1064960K
  class space    used 2365K, capacity 2593K, committed 2688K, reserved 1048576K
Event: 1847.245 GC heap after
Heap after GC invocations=1 (full 0):
 PSYoungGen      total 76288K, used 5822K [0x000000076ab00000, 0x0000000770000000, 0x00000007c0000000)
  eden space 65536K, 0% used [0x000000076ab00000,0x000000076ab00000,0x000000076eb00000)
  from space 10752K, 54% used [0x000000076eb00000,0x000000076f0afac0,0x000000076f580000)
  to   space 10752K, 0% used [0x000000076f580000,0x000000076f580000,0x0000000770000000)
 ParOldGen       total 175104K, used 88K [0x00000006c0000000, 0x00000006cab00000, 0x000000076ab00000)
  object space 175104K, 0% used [0x00000006c0000000,0x00000006c0016010,0x00000006cab00000)
 Metaspace       used 16763K, capacity 17530K, committed 17792K, reserved 1064960K
  class space    used 2365K, capacity 2593K, committed 2688K, reserved 1048576K
}

Deoptimization events (10 events):
Event: 1.319 Thread 0x00007f972192c000 Uncommon trap: reason=class_check action=maybe_recompile pc=0x00000001196bf644 method=java.io.DataInputStream.readShort()S @ 4
Event: 1.319 Thread 0x00007f972192c000 Uncommon trap: reason=class_check action=maybe_recompile pc=0x00000001196bf644 method=java.io.DataInputStream.readShort()S @ 4
Event: 1.319 Thread 0x00007f972192c000 Uncommon trap: reason=class_check action=maybe_recompile pc=0x00000001196bf644 method=java.io.DataInputStream.readShort()S @ 4
Event: 1.319 Thread 0x00007f972192c000 Uncommon trap: reason=class_check action=maybe_recompile pc=0x00000001196bf644 method=java.io.DataInputStream.readShort()S @ 4
Event: 1.324 Thread 0x00007f972192c000 Uncommon trap: reason=class_check action=maybe_recompile pc=0x00000001195798dc method=java.lang.String.equals(Ljava/lang/Object;)Z @ 8
Event: 1.324 Thread 0x00007f972192c000 Uncommon trap: reason=class_check action=maybe_recompile pc=0x00000001195798dc method=java.lang.String.equals(Ljava/lang/Object;)Z @ 8
Event: 1.324 Thread 0x00007f972192c000 Uncommon trap: reason=class_check action=maybe_recompile pc=0x00000001195798dc method=java.lang.String.equals(Ljava/lang/Object;)Z @ 8
Event: 1.326 Thread 0x00007f972192c000 Uncommon trap: reason=class_check action=maybe_recompile pc=0x00000001195798dc method=java.lang.String.equals(Ljava/lang/Object;)Z @ 8
Event: 2.685 Thread 0x00007f972192c000 Uncommon trap: reason=unstable_if action=reinterpret pc=0x000000011979d4bc method=jdk.internal.org.objectweb.asm.Type.getArgumentsAndReturnSizes(Ljava/lang/String;)I @ 47
Event: 1687.812 Thread 0x00007f972192c000 Uncommon trap: reason=unstable_if action=reinterpret pc=0x00000001198e74d4 method=java.util.HashMap.removeNode(ILjava/lang/Object;Ljava/lang/Object;ZZ)Ljava/util/HashMap$Node; @ 46

Internal exceptions (10 events):
Event: 0.183 Thread 0x00007f9722862800 Exception <a 'java/security/PrivilegedActionException'> (0x000000076b2cc410) thrown at [/Users/java_re/workspace/8-2-build-macosx-x86_64/jdk8u45/3457/hotspot/src/share/vm/prims/jvm.cpp, line 1382]
Event: 0.183 Thread 0x00007f9722862800 Exception <a 'java/lang/NullPointerException'> (0x000000076b2ccba8) thrown at [/Users/java_re/workspace/8-2-build-macosx-x86_64/jdk8u45/3457/hotspot/src/share/vm/interpreter/linkResolver.cpp, line 1178]
Event: 0.502 Thread 0x00007f972192c000 Exception <a 'java/lang/NullPointerException'> (0x000000076bcdd790) thrown at [/Users/java_re/workspace/8-2-build-macosx-x86_64/jdk8u45/3457/hotspot/src/share/vm/interpreter/linkResolver.cpp, line 1178]
Event: 0.502 Thread 0x00007f972192c000 Exception <a 'java/lang/NullPointerException'> (0x000000076bcdd790) thrown at [/Users/java_re/workspace/8-2-build-macosx-x86_64/jdk8u45/3457/hotspot/src/share/vm/prims/jvm.cpp, line 1386]
Event: 0.624 Thread 0x00007f972192c000 Exception <a 'java/lang/ArrayIndexOutOfBoundsException'> (0x000000076c1f47c8) thrown at [/Users/java_re/workspace/8-2-build-macosx-x86_64/jdk8u45/3457/hotspot/src/share/vm/runtime/sharedRuntime.cpp, line 605]
Event: 0.624 Thread 0x00007f972192c000 Exception <a 'java/lang/ArrayIndexOutOfBoundsException'> (0x000000076c1f5288) thrown at [/Users/java_re/workspace/8-2-build-macosx-x86_64/jdk8u45/3457/hotspot/src/share/vm/runtime/sharedRuntime.cpp, line 605]
Event: 0.624 Thread 0x00007f972192c000 Exception <a 'java/lang/ArrayIndexOutOfBoundsException'> (0x000000076c1f6580) thrown at [/Users/java_re/workspace/8-2-build-macosx-x86_64/jdk8u45/3457/hotspot/src/share/vm/runtime/sharedRuntime.cpp, line 605]
Event: 1.204 Thread 0x00007f972192c000 Implicit null exception at 0x00000001196d35f5 to 0x00000001196d37ed
Event: 1.205 Thread 0x00007f972192c000 Implicit null exception at 0x000000011971ecfb to 0x000000011971f719
Event: 4.141 Thread 0x00007f9721a49800 Exception <a 'java/lang/NullPointerException'> (0x000000076d4120b8) thrown at [/Users/java_re/workspace/8-2-build-macosx-x86_64/jdk8u45/3457/hotspot/src/share/vm/interpreter/linkResolver.cpp, line 1178]

Events (10 events):
Event: 1847.183 loading class java/util/IdentityHashMap$KeyIterator done
Event: 1847.183 Thread 0x00007f9721a49800 Thread added: 0x00007f9721a49800
Event: 1847.184 Executing VM operation: ParallelGCFailedAllocation
Event: 1847.245 Executing VM operation: ParallelGCFailedAllocation done
Event: 1847.246 loading class com/sun/javafx/font/PrismFontFile
Event: 1847.246 loading class com/sun/javafx/font/PrismFontFile done
Event: 1847.247 Executing VM operation: RevokeBias
Event: 1847.247 Executing VM operation: RevokeBias done
Event: 1847.247 Thread 0x00007f9721a49800 Thread exited: 0x00007f9721a49800
Event: 1847.247 Thread 0x00007f9721806000 Thread exited: 0x00007f9721806000


Dynamic libraries:
0x0000000039bfc000 	/System/Library/Frameworks/Cocoa.framework/Versions/A/Cocoa
0x0000000039bfc000 	/System/Library/Frameworks/Security.framework/Versions/A/Security
0x0000000039bfc000 	/System/Library/Frameworks/ApplicationServices.framework/Versions/A/ApplicationServices
0x0000000039bfc000 	/usr/lib/libz.1.dylib
0x0000000039bfc000 	/usr/lib/libSystem.B.dylib
0x0000000039bfc000 	/usr/lib/libobjc.A.dylib
0x0000000039bfc000 	/System/Library/Frameworks/CoreFoundation.framework/Versions/A/CoreFoundation
0x0000000039bfc000 	/System/Library/Frameworks/Foundation.framework/Versions/C/Foundation
0x0000000039bfc000 	/System/Library/Frameworks/AppKit.framework/Versions/C/AppKit
0x0000000039bfc000 	/System/Library/Frameworks/CoreData.framework/Versions/A/CoreData
0x0000000039bfc000 	/System/Library/PrivateFrameworks/RemoteViewServices.framework/Versions/A/RemoteViewServices
0x0000000039bfc000 	/System/Library/PrivateFrameworks/UIFoundation.framework/Versions/A/UIFoundation
0x0000000039bfc000 	/System/Library/PrivateFrameworks/DFRFoundation.framework/Versions/A/DFRFoundation
0x0000000039bfc000 	/usr/lib/libenergytrace.dylib
0x0000000039bfc000 	/System/Library/PrivateFrameworks/SkyLight.framework/Versions/A/SkyLight
0x0000000039bfc000 	/System/Library/Frameworks/CoreGraphics.framework/Versions/A/CoreGraphics
0x0000000039bfc000 	/usr/lib/libScreenReader.dylib
0x0000000039bfc000 	/System/Library/Frameworks/Accelerate.framework/Versions/A/Accelerate
0x0000000039bfc000 	/System/Library/Frameworks/IOSurface.framework/Versions/A/IOSurface
0x0000000039bfc000 	/System/Library/Frameworks/AudioToolbox.framework/Versions/A/AudioToolbox
0x0000000039bfc000 	/System/Library/Frameworks/AudioUnit.framework/Versions/A/AudioUnit
0x0000000039bfc000 	/System/Library/PrivateFrameworks/DataDetectorsCore.framework/Versions/A/DataDetectorsCore
0x0000000039bfc000 	/System/Library/PrivateFrameworks/DesktopServicesPriv.framework/Versions/A/DesktopServicesPriv
0x0000000039bfc000 	/System/Library/Frameworks/Carbon.framework/Versions/A/Frameworks/HIToolbox.framework/Versions/A/HIToolbox
0x0000000039bfc000 	/usr/lib/libicucore.A.dylib
0x0000000039bfc000 	/System/Library/Frameworks/QuartzCore.framework/Versions/A/QuartzCore
0x0000000039bfc000 	/System/Library/Frameworks/Carbon.framework/Versions/A/Frameworks/SpeechRecognition.framework/Versions/A/SpeechRecognition
0x0000000039bfc000 	/usr/lib/libauto.dylib
0x0000000039bfc000 	/usr/lib/libxml2.2.dylib
0x0000000039bfc000 	/System/Library/PrivateFrameworks/CoreUI.framework/Versions/A/CoreUI
0x0000000039bfc000 	/System/Library/Frameworks/CoreAudio.framework/Versions/A/CoreAudio
0x0000000039bfc000 	/System/Library/Frameworks/DiskArbitration.framework/Versions/A/DiskArbitration
0x0000000039bfc000 	/usr/lib/liblangid.dylib
0x0000000039bfc000 	/System/Library/PrivateFrameworks/MultitouchSupport.framework/Versions/A/MultitouchSupport
0x0000000039bfc000 	/System/Library/Frameworks/IOKit.framework/Versions/A/IOKit
0x0000000039bfc000 	/usr/lib/libDiagnosticMessagesClient.dylib
0x0000000039bfc000 	/System/Library/Frameworks/CoreServices.framework/Versions/A/CoreServices
0x0000000039bfc000 	/System/Library/PrivateFrameworks/PerformanceAnalysis.framework/Versions/A/PerformanceAnalysis
0x0000000039bfc000 	/System/Library/PrivateFrameworks/GenerationalStorage.framework/Versions/A/GenerationalStorage
0x0000000039bfc000 	/System/Library/Frameworks/OpenGL.framework/Versions/A/OpenGL
0x0000000039bfc000 	/System/Library/Frameworks/CoreImage.framework/Versions/A/CoreImage
0x0000000039bfc000 	/System/Library/Frameworks/CoreText.framework/Versions/A/CoreText
0x0000000039bfc000 	/System/Library/Frameworks/ImageIO.framework/Versions/A/ImageIO
0x0000000039bfc000 	/System/Library/PrivateFrameworks/Backup.framework/Versions/A/Backup
0x0000000039bfc000 	/usr/lib/libarchive.2.dylib
0x0000000039bfc000 	/System/Library/Frameworks/CFNetwork.framework/Versions/A/CFNetwork
0x0000000039bfc000 	/System/Library/Frameworks/SystemConfiguration.framework/Versions/A/SystemConfiguration
0x0000000039bfc000 	/usr/lib/libCRFSuite.dylib
0x0000000039bfc000 	/usr/lib/libc++.1.dylib
0x0000000039bfc000 	/usr/lib/libc++abi.dylib
0x0000000039bfc000 	/usr/lib/system/libcache.dylib
0x0000000039bfc000 	/usr/lib/system/libcommonCrypto.dylib
0x0000000039bfc000 	/usr/lib/system/libcompiler_rt.dylib
0x0000000039bfc000 	/usr/lib/system/libcopyfile.dylib
0x0000000039bfc000 	/usr/lib/system/libcorecrypto.dylib
0x0000000039bfc000 	/usr/lib/system/libdispatch.dylib
0x0000000039bfc000 	/usr/lib/system/libdyld.dylib
0x0000000039bfc000 	/usr/lib/system/libkeymgr.dylib
0x0000000039bfc000 	/usr/lib/system/liblaunch.dylib
0x0000000039bfc000 	/usr/lib/system/libmacho.dylib
0x0000000039bfc000 	/usr/lib/system/libquarantine.dylib
0x0000000039bfc000 	/usr/lib/system/libremovefile.dylib
0x0000000039bfc000 	/usr/lib/system/libsystem_asl.dylib
0x0000000039bfc000 	/usr/lib/system/libsystem_blocks.dylib
0x0000000039bfc000 	/usr/lib/system/libsystem_c.dylib
0x0000000039bfc000 	/usr/lib/system/libsystem_configuration.dylib
0x0000000039bfc000 	/usr/lib/system/libsystem_coreservices.dylib
0x0000000039bfc000 	/usr/lib/system/libsystem_coretls.dylib
0x0000000039bfc000 	/usr/lib/system/libsystem_dnssd.dylib
0x0000000039bfc000 	/usr/lib/system/libsystem_info.dylib
0x0000000039bfc000 	/usr/lib/system/libsystem_kernel.dylib
0x0000000039bfc000 	/usr/lib/system/libsystem_m.dylib
0x0000000039bfc000 	/usr/lib/system/libsystem_malloc.dylib
0x0000000039bfc000 	/usr/lib/system/libsystem_network.dylib
0x0000000039bfc000 	/usr/lib/system/libsystem_networkextension.dylib
0x0000000039bfc000 	/usr/lib/system/libsystem_notify.dylib
0x0000000039bfc000 	/usr/lib/system/libsystem_platform.dylib
0x0000000039bfc000 	/usr/lib/system/libsystem_pthread.dylib
0x0000000039bfc000 	/usr/lib/system/libsystem_sandbox.dylib
0x0000000039bfc000 	/usr/lib/system/libsystem_secinit.dylib
0x0000000039bfc000 	/usr/lib/system/libsystem_symptoms.dylib
0x0000000039bfc000 	/usr/lib/system/libsystem_trace.dylib
0x0000000039bfc000 	/usr/lib/system/libunwind.dylib
0x0000000039bfc000 	/usr/lib/system/libxpc.dylib
0x0000000039bfc000 	/usr/lib/libbsm.0.dylib
0x0000000039bfc000 	/usr/lib/system/libkxld.dylib
0x0000000039bfc000 	/usr/lib/libcoretls.dylib
0x0000000039bfc000 	/usr/lib/libcoretls_cfhelpers.dylib
0x0000000039bfc000 	/usr/lib/libxar.1.dylib
0x0000000039bfc000 	/usr/lib/libsqlite3.dylib
0x0000000039bfc000 	/usr/lib/libpam.2.dylib
0x0000000039bfc000 	/usr/lib/libOpenScriptingUtil.dylib
0x0000000039bfc000 	/usr/lib/libbz2.1.0.dylib
0x0000000039bfc000 	/usr/lib/liblzma.5.dylib
0x0000000039bfc000 	/usr/lib/libnetwork.dylib
0x0000000039bfc000 	/usr/lib/libpcap.A.dylib
0x0000000039bfc000 	/System/Library/Frameworks/CoreServices.framework/Versions/A/Frameworks/FSEvents.framework/Versions/A/FSEvents
0x0000000039bfc000 	/System/Library/Frameworks/CoreServices.framework/Versions/A/Frameworks/CarbonCore.framework/Versions/A/CarbonCore
0x0000000039bfc000 	/System/Library/Frameworks/CoreServices.framework/Versions/A/Frameworks/Metadata.framework/Versions/A/Metadata
0x0000000039bfc000 	/System/Library/Frameworks/CoreServices.framework/Versions/A/Frameworks/OSServices.framework/Versions/A/OSServices
0x0000000039bfc000 	/System/Library/Frameworks/CoreServices.framework/Versions/A/Frameworks/SearchKit.framework/Versions/A/SearchKit
0x0000000039bfc000 	/System/Library/Frameworks/CoreServices.framework/Versions/A/Frameworks/AE.framework/Versions/A/AE
0x0000000039bfc000 	/System/Library/Frameworks/CoreServices.framework/Versions/A/Frameworks/LaunchServices.framework/Versions/A/LaunchServices
0x0000000039bfc000 	/System/Library/Frameworks/CoreServices.framework/Versions/A/Frameworks/DictionaryServices.framework/Versions/A/DictionaryServices
0x0000000039bfc000 	/System/Library/Frameworks/CoreServices.framework/Versions/A/Frameworks/SharedFileList.framework/Versions/A/SharedFileList
0x0000000039bfc000 	/System/Library/Frameworks/NetFS.framework/Versions/A/NetFS
0x0000000039bfc000 	/System/Library/PrivateFrameworks/NetAuth.framework/Versions/A/NetAuth
0x0000000039bfc000 	/System/Library/PrivateFrameworks/login.framework/Versions/A/Frameworks/loginsupport.framework/Versions/A/loginsupport
0x0000000039bfc000 	/System/Library/PrivateFrameworks/TCC.framework/Versions/A/TCC
0x0000000039bfc000 	/usr/lib/libmecabra.dylib
0x0000000039bfc000 	/System/Library/Frameworks/ApplicationServices.framework/Versions/A/Frameworks/ATS.framework/Versions/A/ATS
0x0000000039bfc000 	/System/Library/Frameworks/ApplicationServices.framework/Versions/A/Frameworks/ColorSync.framework/Versions/A/ColorSync
0x0000000039bfc000 	/System/Library/Frameworks/ApplicationServices.framework/Versions/A/Frameworks/HIServices.framework/Versions/A/HIServices
0x0000000039bfc000 	/System/Library/Frameworks/ApplicationServices.framework/Versions/A/Frameworks/LangAnalysis.framework/Versions/A/LangAnalysis
0x0000000039bfc000 	/System/Library/Frameworks/ApplicationServices.framework/Versions/A/Frameworks/PrintCore.framework/Versions/A/PrintCore
0x0000000039bfc000 	/System/Library/Frameworks/ApplicationServices.framework/Versions/A/Frameworks/QD.framework/Versions/A/QD
0x0000000039bfc000 	/System/Library/Frameworks/ApplicationServices.framework/Versions/A/Frameworks/SpeechSynthesis.framework/Versions/A/SpeechSynthesis
0x0000000039bfc000 	/System/Library/Frameworks/Accelerate.framework/Versions/A/Frameworks/vImage.framework/Versions/A/vImage
0x0000000039bfc000 	/System/Library/Frameworks/Accelerate.framework/Versions/A/Frameworks/vecLib.framework/Versions/A/vecLib
0x0000000039bfc000 	/System/Library/Frameworks/Accelerate.framework/Versions/A/Frameworks/vecLib.framework/Versions/A/libvDSP.dylib
0x0000000039bfc000 	/System/Library/Frameworks/Accelerate.framework/Versions/A/Frameworks/vecLib.framework/Versions/A/libBNNS.dylib
0x0000000039bfc000 	/System/Library/Frameworks/Accelerate.framework/Versions/A/Frameworks/vecLib.framework/Versions/A/libQuadrature.dylib
0x0000000039bfc000 	/System/Library/Frameworks/Accelerate.framework/Versions/A/Frameworks/vecLib.framework/Versions/A/libvMisc.dylib
0x0000000039bfc000 	/System/Library/Frameworks/Accelerate.framework/Versions/A/Frameworks/vecLib.framework/Versions/A/libLAPACK.dylib
0x0000000039bfc000 	/System/Library/Frameworks/Accelerate.framework/Versions/A/Frameworks/vecLib.framework/Versions/A/libBLAS.dylib
0x0000000039bfc000 	/System/Library/Frameworks/Accelerate.framework/Versions/A/Frameworks/vecLib.framework/Versions/A/libLinearAlgebra.dylib
0x0000000039bfc000 	/System/Library/Frameworks/Accelerate.framework/Versions/A/Frameworks/vecLib.framework/Versions/A/libSparseBLAS.dylib
0x0000000039bfc000 	/System/Library/Frameworks/ApplicationServices.framework/Versions/A/Frameworks/ATS.framework/Versions/A/Resources/libFontParser.dylib
0x0000000039bfc000 	/System/Library/Frameworks/ApplicationServices.framework/Versions/A/Frameworks/ATS.framework/Versions/A/Resources/libFontRegistry.dylib
0x0000000039bfc000 	/System/Library/Frameworks/ImageIO.framework/Versions/A/Resources/libJPEG.dylib
0x0000000039bfc000 	/System/Library/Frameworks/ImageIO.framework/Versions/A/Resources/libTIFF.dylib
0x0000000039bfc000 	/System/Library/Frameworks/ImageIO.framework/Versions/A/Resources/libPng.dylib
0x0000000039bfc000 	/System/Library/Frameworks/ImageIO.framework/Versions/A/Resources/libGIF.dylib
0x0000000039bfc000 	/System/Library/Frameworks/ImageIO.framework/Versions/A/Resources/libJP2.dylib
0x0000000039bfc000 	/System/Library/Frameworks/ImageIO.framework/Versions/A/Resources/libRadiance.dylib
0x0000000039bfc000 	/usr/lib/libcompression.dylib
0x0000000039bfc000 	/System/Library/PrivateFrameworks/AppleJPEG.framework/Versions/A/AppleJPEG
0x0000000039bfc000 	/usr/lib/libcups.2.dylib
0x0000000039bfc000 	/System/Library/Frameworks/Kerberos.framework/Versions/A/Kerberos
0x0000000039bfc000 	/System/Library/Frameworks/GSS.framework/Versions/A/GSS
0x0000000039bfc000 	/usr/lib/libresolv.9.dylib
0x0000000039bfc000 	/usr/lib/libiconv.2.dylib
0x0000000039bfc000 	/System/Library/PrivateFrameworks/Heimdal.framework/Versions/A/Heimdal
0x0000000039bfc000 	/usr/lib/libheimdal-asn1.dylib
0x0000000039bfc000 	/System/Library/Frameworks/OpenDirectory.framework/Versions/A/OpenDirectory
0x0000000039bfc000 	/System/Library/PrivateFrameworks/CommonAuth.framework/Versions/A/CommonAuth
0x0000000039bfc000 	/System/Library/Frameworks/OpenDirectory.framework/Versions/A/Frameworks/CFOpenDirectory.framework/Versions/A/CFOpenDirectory
0x0000000039bfc000 	/System/Library/Frameworks/SecurityFoundation.framework/Versions/A/SecurityFoundation
0x0000000039bfc000 	/System/Library/PrivateFrameworks/LanguageModeling.framework/Versions/A/LanguageModeling
0x0000000039bfc000 	/usr/lib/libmarisa.dylib
0x0000000039bfc000 	/usr/lib/libChineseTokenizer.dylib
0x0000000039bfc000 	/usr/lib/libcmph.dylib
0x0000000039bfc000 	/System/Library/PrivateFrameworks/CoreEmoji.framework/Versions/A/CoreEmoji
0x0000000039bfc000 	/System/Library/Frameworks/ServiceManagement.framework/Versions/A/ServiceManagement
0x0000000039bfc000 	/usr/lib/libxslt.1.dylib
0x0000000039bfc000 	/System/Library/Frameworks/Carbon.framework/Versions/A/Frameworks/Ink.framework/Versions/A/Ink
0x0000000039bfc000 	/System/Library/PrivateFrameworks/TextureIO.framework/Versions/A/TextureIO
0x0000000039bfc000 	/System/Library/Frameworks/Metal.framework/Versions/A/Metal
0x0000000039bfc000 	/usr/lib/libate.dylib
0x0000000039bfc000 	/System/Library/PrivateFrameworks/GPUCompiler.framework/libmetal_timestamp.dylib
0x0000000039bfc000 	/System/Library/Frameworks/OpenGL.framework/Versions/A/Libraries/libCoreFSCache.dylib
0x0000000039bfc000 	/System/Library/PrivateFrameworks/IOAccelerator.framework/Versions/A/IOAccelerator
0x0000000039bfc000 	/System/Library/Frameworks/CoreVideo.framework/Versions/A/CoreVideo
0x0000000039bfc000 	/usr/lib/libFosl_dynamic.dylib
0x0000000039bfc000 	/System/Library/PrivateFrameworks/MetalPerformanceShaders.framework/Versions/A/MetalPerformanceShaders
0x0000000039bfc000 	/System/Library/PrivateFrameworks/FaceCore.framework/Versions/A/FaceCore
0x0000000039bfc000 	/System/Library/Frameworks/OpenCL.framework/Versions/A/OpenCL
0x0000000039bfc000 	/System/Library/Frameworks/OpenGL.framework/Versions/A/Libraries/libGLU.dylib
0x0000000039bfc000 	/System/Library/Frameworks/OpenGL.framework/Versions/A/Libraries/libGFXShared.dylib
0x0000000039bfc000 	/System/Library/Frameworks/OpenGL.framework/Versions/A/Libraries/libGL.dylib
0x0000000039bfc000 	/System/Library/Frameworks/OpenGL.framework/Versions/A/Libraries/libGLImage.dylib
0x0000000039bfc000 	/System/Library/Frameworks/OpenGL.framework/Versions/A/Libraries/libCVMSPluginSupport.dylib
0x0000000039bfc000 	/System/Library/Frameworks/OpenGL.framework/Versions/A/Libraries/libCoreVMClient.dylib
0x0000000039bfc000 	/System/Library/PrivateFrameworks/CrashReporterSupport.framework/Versions/A/CrashReporterSupport
0x0000000039bfc000 	/System/Library/PrivateFrameworks/Sharing.framework/Versions/A/Sharing
0x0000000039bfc000 	/System/Library/PrivateFrameworks/IconServices.framework/Versions/A/IconServices
0x0000000039bfc000 	/System/Library/PrivateFrameworks/ProtocolBuffer.framework/Versions/A/ProtocolBuffer
0x0000000039bfc000 	/System/Library/PrivateFrameworks/Apple80211.framework/Versions/A/Apple80211
0x0000000039bfc000 	/System/Library/Frameworks/CoreWLAN.framework/Versions/A/CoreWLAN
0x0000000039bfc000 	/System/Library/PrivateFrameworks/CoreUtils.framework/Versions/A/CoreUtils
0x0000000039bfc000 	/System/Library/Frameworks/IOBluetooth.framework/Versions/A/IOBluetooth
0x0000000039bfc000 	/System/Library/PrivateFrameworks/CoreWiFi.framework/Versions/A/CoreWiFi
0x0000000039bfc000 	/System/Library/Frameworks/CoreBluetooth.framework/Versions/A/CoreBluetooth
0x0000000039bfc000 	/System/Library/Frameworks/CoreDisplay.framework/Versions/A/CoreDisplay
0x0000000039bfc000 	/System/Library/PrivateFrameworks/IOPresentment.framework/Versions/A/IOPresentment
0x0000000039bfc000 	/System/Library/PrivateFrameworks/DebugSymbols.framework/Versions/A/DebugSymbols
0x0000000039bfc000 	/System/Library/PrivateFrameworks/CoreSymbolication.framework/Versions/A/CoreSymbolication
0x0000000039bfc000 	/System/Library/PrivateFrameworks/Symbolication.framework/Versions/A/Symbolication
0x0000000039bfc000 	/System/Library/PrivateFrameworks/AppleFSCompression.framework/Versions/A/AppleFSCompression
0x0000000039bfc000 	/System/Library/PrivateFrameworks/SpeechRecognitionCore.framework/Versions/A/SpeechRecognitionCore
0x0000000039bfc000 	/System/Library/PrivateFrameworks/ChunkingLibrary.framework/Versions/A/ChunkingLibrary
0x000000010da00000 	/Library/Java/JavaVirtualMachines/jdk1.8.0_45.jdk/Contents/Home/jre/lib/server/libjvm.dylib
0x0000000039bfc000 	/usr/lib/libstdc++.6.dylib
0x000000010c93a000 	/Library/Java/JavaVirtualMachines/jdk1.8.0_45.jdk/Contents/Home/jre/lib/libverify.dylib
0x000000010c948000 	/Library/Java/JavaVirtualMachines/jdk1.8.0_45.jdk/Contents/Home/jre/lib/libjava.dylib
0x000000010c987000 	/Library/Java/JavaVirtualMachines/jdk1.8.0_45.jdk/Contents/Home/jre/lib/libzip.dylib
0x000000010c9e1000 	/System/Library/Frameworks/JavaVM.framework/Frameworks/JavaRuntimeSupport.framework/JavaRuntimeSupport
0x0000000129a6b000 	/System/Library/Frameworks/JavaVM.framework/Versions/A/Frameworks/JavaNativeFoundation.framework/Versions/A/JavaNativeFoundation
0x00000001193ae000 	/System/Library/Frameworks/JavaVM.framework/Versions/A/JavaVM
0x0000000039bfc000 	/System/Library/Frameworks/Carbon.framework/Versions/A/Carbon
0x0000000129a80000 	/System/Library/PrivateFrameworks/JavaLaunching.framework/Versions/A/JavaLaunching
0x0000000039bfc000 	/System/Library/Frameworks/Carbon.framework/Versions/A/Frameworks/CommonPanels.framework/Versions/A/CommonPanels
0x0000000039bfc000 	/System/Library/Frameworks/Carbon.framework/Versions/A/Frameworks/Help.framework/Versions/A/Help
0x0000000039bfc000 	/System/Library/Frameworks/Carbon.framework/Versions/A/Frameworks/ImageCapture.framework/Versions/A/ImageCapture
0x0000000039bfc000 	/System/Library/Frameworks/Carbon.framework/Versions/A/Frameworks/OpenScripting.framework/Versions/A/OpenScripting
0x0000000039bfc000 	/System/Library/Frameworks/Carbon.framework/Versions/A/Frameworks/Print.framework/Versions/A/Print
0x0000000039bfc000 	/System/Library/Frameworks/Carbon.framework/Versions/A/Frameworks/SecurityHI.framework/Versions/A/SecurityHI
0x000000012b49d000 	/Applications/IntelliJ IDEA CE.app/Contents/bin/libbreakgen64.jnilib
0x000000012b536000 	/Library/Java/JavaVirtualMachines/jdk1.8.0_45.jdk/Contents/Home/jre/lib/libnet.dylib
0x000000012b595000 	/Library/Java/JavaVirtualMachines/jdk1.8.0_45.jdk/Contents/Home/jre/lib/libprism_es2.dylib
0x0000000039bfc000 	/System/Library/Frameworks/OpenGL.framework/Versions/A/Resources/GLEngine.bundle/GLEngine
0x0000000039bfc000 	/System/Library/Frameworks/OpenGL.framework/Versions/A/Libraries/libGLProgrammability.dylib
0x000000012b5fb000 	/System/Library/Extensions/AppleIntelHD4000GraphicsGLDriver.bundle/Contents/MacOS/AppleIntelHD4000GraphicsGLDriver
0x0000000039bfc000 	/System/Library/PrivateFrameworks/GPUSupport.framework/Versions/A/Libraries/libGPUSupportMercury.dylib
0x0000000039bfc000 	/System/Library/Extensions/GeForceGLDriver.bundle/Contents/MacOS/GeForceGLDriver
0x0000000039bfc000 	/System/Library/Extensions/GeForceGLDriver.bundle/Contents/MacOS/libclh.dylib
0x0000000039bfc000 	/System/Library/Frameworks/OpenGL.framework/Versions/A/Resources/GLRendererFloat.bundle/GLRendererFloat
0x0000000039bfc000 	/System/Library/Frameworks/OpenCL.framework/Versions/A/Libraries/libcldcpuengine.dylib
0x0000000039bfc000 	/usr/lib/libcrypto.0.9.8.dylib
0x0000000039bfc000 	/System/Library/PrivateFrameworks/TrustEvaluationAgent.framework/Versions/A/TrustEvaluationAgent
0x000000012bf2c000 	/Library/Java/JavaVirtualMachines/jdk1.8.0_45.jdk/Contents/Home/jre/lib/libglass.dylib
0x0000000039bfc000 	/System/Library/PrivateFrameworks/CoreServicesInternal.framework/Versions/A/CoreServicesInternal
0x0000000039bfc000 	/System/Library/CoreServices/RawCamera.bundle/Contents/MacOS/RawCamera
0x0000000039bfc000 	/System/Library/Frameworks/Accelerate.framework/Versions/A/Frameworks/vImage.framework/Versions/A/Libraries/libCGInterfaces.dylib
0x0000000039bfc000 	/System/Library/PrivateFrameworks/FamilyControls.framework/Versions/A/FamilyControls
0x0000000039bfc000 	/System/Library/PrivateFrameworks/CommerceKit.framework/Versions/A/Frameworks/CommerceCore.framework/Versions/A/CommerceCore
0x0000000039bfc000 	/System/Library/PrivateFrameworks/SystemAdministration.framework/Versions/A/SystemAdministration
0x0000000039bfc000 	/System/Library/PrivateFrameworks/AppContainer.framework/Versions/A/AppContainer
0x0000000039bfc000 	/System/Library/PrivateFrameworks/SecCodeWrapper.framework/Versions/A/SecCodeWrapper
0x0000000039bfc000 	/System/Library/Frameworks/DirectoryService.framework/Versions/A/DirectoryService
0x0000000039bfc000 	/System/Library/PrivateFrameworks/DiskImages.framework/Versions/A/DiskImages
0x0000000039bfc000 	/System/Library/PrivateFrameworks/LoginUIKit.framework/Versions/A/Frameworks/LoginUICore.framework/Versions/A/LoginUICore
0x0000000039bfc000 	/usr/lib/libCoreStorage.dylib
0x0000000039bfc000 	/usr/lib/libcsfde.dylib
0x0000000039bfc000 	/usr/lib/libodfde.dylib
0x0000000039bfc000 	/System/Library/Frameworks/DiscRecording.framework/Versions/A/DiscRecording
0x0000000039bfc000 	/usr/lib/libcurl.4.dylib
0x0000000039bfc000 	/System/Library/PrivateFrameworks/MediaKit.framework/Versions/A/MediaKit
0x0000000039bfc000 	/System/Library/PrivateFrameworks/ProtectedCloudStorage.framework/Versions/A/ProtectedCloudStorage
0x0000000039bfc000 	/System/Library/PrivateFrameworks/EFILogin.framework/Versions/A/EFILogin
0x0000000039bfc000 	/usr/lib/libutil.dylib
0x0000000039bfc000 	/System/Library/Frameworks/LDAP.framework/Versions/A/LDAP
0x0000000039bfc000 	/usr/lib/libsasl2.2.dylib
0x0000000039bfc000 	/System/Library/PrivateFrameworks/CoreDaemon.framework/Versions/B/CoreDaemon
0x0000000039bfc000 	/System/Library/PrivateFrameworks/AppleSRP.framework/Versions/A/AppleSRP
0x0000000039bfc000 	/System/Library/PrivateFrameworks/APFS.framework/Versions/A/APFS
0x000000012f9bf000 	/Library/Java/JavaVirtualMachines/jdk1.8.0_45.jdk/Contents/Home/jre/lib/libjavafx_font.dylib
0x0000000039bfc000 	/System/Library/Frameworks/ApplicationServices.framework/Versions/A/Frameworks/ATS.framework/Versions/A/Resources/libTrueTypeScaler.dylib
0x000000012fd77000 	/Library/Java/JavaVirtualMachines/jdk1.8.0_45.jdk/Contents/Home/jre/lib/libnio.dylib
0x0000000039bfc000 	/System/Library/Extensions/GeForceMTLDriver.bundle/Contents/MacOS/GeForceMTLDriver
0x000000013378a000 	/System/Library/Extensions/AppleIntelHD4000GraphicsMTLDriver.bundle/Contents/MacOS/AppleIntelHD4000GraphicsMTLDriver
0x00000001338b6000 	/Library/Java/JavaVirtualMachines/jdk1.8.0_45.jdk/Contents/Home/jre/lib/libprism_common.dylib
0x0000000039bfc000 	/System/Library/PrivateFrameworks/ViewBridge.framework/Versions/A/ViewBridge
0x0000000039bfc000 	/System/Library/PrivateFrameworks/XPCService.framework/Versions/A/XPCService
0x0000000039bfc000 	/System/Library/PrivateFrameworks/AppSandbox.framework/Versions/A/AppSandbox
0x0000000039bfc000 	/usr/lib/libsandbox.1.dylib
0x0000000039bfc000 	/usr/lib/libMatch.1.dylib

VM Arguments:
jvm_args: -Didea.launcher.port=7545 -Didea.launcher.bin.path=/Applications/IntelliJ IDEA CE.app/Contents/bin -Dfile.encoding=UTF-8 
java_command: com.intellij.rt.execution.application.AppMain app.Main
java_class_path (initial): /Library/Java/JavaVirtualMachines/jdk1.8.0_45.jdk/Contents/Home/jre/lib/charsets.jar:/Library/Java/JavaVirtualMachines/jdk1.8.0_45.jdk/Contents/Home/jre/lib/deploy.jar:/Library/Java/JavaVirtualMachines/jdk1.8.0_45.jdk/Contents/Home/jre/lib/ext/cldrdata.jar:/Library/Java/JavaVirtualMachines/jdk1.8.0_45.jdk/Contents/Home/jre/lib/ext/dnsns.jar:/Library/Java/JavaVirtualMachines/jdk1.8.0_45.jdk/Contents/Home/jre/lib/ext/jfxrt.jar:/Library/Java/JavaVirtualMachines/jdk1.8.0_45.jdk/Contents/Home/jre/lib/ext/localedata.jar:/Library/Java/JavaVirtualMachines/jdk1.8.0_45.jdk/Contents/Home/jre/lib/ext/nashorn.jar:/Library/Java/JavaVirtualMachines/jdk1.8.0_45.jdk/Contents/Home/jre/lib/ext/sunec.jar:/Library/Java/JavaVirtualMachines/jdk1.8.0_45.jdk/Contents/Home/jre/lib/ext/sunjce_provider.jar:/Library/Java/JavaVirtualMachines/jdk1.8.0_45.jdk/Contents/Home/jre/lib/ext/sunpkcs11.jar:/Library/Java/JavaVirtualMachines/jdk1.8.0_45.jdk/Contents/Home/jre/lib/ext/zipfs.jar:/Library/Java/JavaVirtualMachines/jdk1.8.0_45.jdk/Contents/Home/jre/lib/javaws.jar:/Library/Java/JavaVirtualMachines/jdk1.8.0_45.jdk/Contents/Home/jre/lib/jce.jar:/Library/Java/JavaVirtualMachines/jdk1.8.0_45.jdk/Contents/Home/jre/lib/jfr.jar:/Library/Java/JavaVirtualMachines/jdk1.8.0_45.jdk/Contents/Home/jre/lib/jfxswt.jar:/Library/Java/JavaVirtualMachines/jdk1.8.0_45.jdk/Contents/Home/jre/lib/jsse.jar:/Library/Java/JavaVirtualMachines/jdk1.8.0_45.jdk/Contents/Home/jre/lib/management-agent.jar:/Library/Java/JavaVirtualMachines/jdk1.8.0_45.jdk/Contents/Home/jre/lib/plugin.jar:/Library/Java/JavaVirtualMachines/jdk1.8.0_45.jdk/Contents/Home/jre/lib/resources.jar:/Library/Java/JavaVirtualMachines/jdk1.8.0_45.jdk/Contents/Home/jre/lib/rt.jar:/Library/Java/JavaVirtualMachines/jdk1.8.0_45.jdk/Contents/Home/lib/ant-javafx.jar:/Library/Java/JavaVirtualMachines/jdk1.8.0_45.jdk/Contents/Home/lib/dt.jar:/Library/Java/JavaVirtualMachines/jdk1.8.0_45.jdk/Contents/Home/lib/javafx-mx.jar:/Library/Java/Jav
Launcher Type: SUN_STANDARD

Environment Variables:
PATH=/Users/mac/.rbenv/shims:/Library/Frameworks/Python.framework/Versions/2.7/bin:/Library/Frameworks/Python.framework/Versions/3.4/bin:/usr/local/bin:/usr/bin:/bin:/usr/sbin:/sbin:/opt/X11/bin:/usr/local/git/bin
SHELL=/bin/bash
DISPLAY=/private/tmp/com.apple.launchd.Yk3UcwklTt/org.macosforge.xquartz:0

Signal Handlers:
SIGSEGV: [libjvm.dylib+0x58ef95], sa_mask[0]=11111111011111110111111111111111, sa_flags=SA_ONSTACK|SA_RESTART|SA_SIGINFO
SIGBUS: [libjvm.dylib+0x58ef95], sa_mask[0]=11111111011111110111111111111111, sa_flags=SA_RESTART|SA_SIGINFO
SIGFPE: [libjvm.dylib+0x46c108], sa_mask[0]=11111111011111110111111111111111, sa_flags=SA_RESTART|SA_SIGINFO
SIGPIPE: [libjvm.dylib+0x46c108], sa_mask[0]=11111111011111110111111111111111, sa_flags=SA_RESTART|SA_SIGINFO
SIGXFSZ: [libjvm.dylib+0x46c108], sa_mask[0]=11111111011111110111111111111111, sa_flags=SA_RESTART|SA_SIGINFO
SIGILL: [libjvm.dylib+0x46c108], sa_mask[0]=11111111011111110111111111111111, sa_flags=SA_RESTART|SA_SIGINFO
SIGUSR1: SIG_DFL, sa_mask[0]=00000000000000000000000000000000, sa_flags=none
SIGUSR2: [libjvm.dylib+0x46bc26], sa_mask[0]=00100000000000000000000000000000, sa_flags=SA_RESTART|SA_SIGINFO
SIGHUP: [libjvm.dylib+0x46a1f9], sa_mask[0]=11111111011111110111111111111111, sa_flags=SA_RESTART|SA_SIGINFO
SIGINT: [libjvm.dylib+0x46a1f9], sa_mask[0]=11111111011111110111111111111111, sa_flags=SA_RESTART|SA_SIGINFO
SIGTERM: [libjvm.dylib+0x46a1f9], sa_mask[0]=11111111011111110111111111111111, sa_flags=SA_RESTART|SA_SIGINFO
SIGQUIT: [libjvm.dylib+0x46a1f9], sa_mask[0]=11111111011111110111111111111111, sa_flags=SA_RESTART|SA_SIGINFO


---------------  S Y S T E M  ---------------

OS:Bsduname:Darwin 16.1.0 Darwin Kernel Version 16.1.0: Wed Oct 19 20:31:56 PDT 2016; root:xnu-3789.21.4~4/RELEASE_X86_64 x86_64
rlimit: STACK 8192k, CORE 0k, NPROC 709, NOFILE 10240, AS infinity
load average:4.45 8.48 8.41

CPU:total 8 (4 cores per cpu, 2 threads per core) family 6 model 58 stepping 9, cmov, cx8, fxsr, mmx, sse, sse2, sse3, ssse3, sse4.1, sse4.2, popcnt, avx, aes, clmul, erms, ht, tsc, tscinvbit, tscinv

Memory: 4k page, physical 16777216k(4150068k free)

/proc/meminfo:


vm_info: Java HotSpot(TM) 64-Bit Server VM (25.45-b02) for bsd-amd64 JRE (1.8.0_45-b14), built on Apr 10 2015 10:46:38 by "java_re" with gcc 4.2.1 (Based on Apple Inc. build 5658) (LLVM build 2336.11.00)

time: Sun Nov 27 11:54:58 2016
elapsed time: 1847 seconds (0d 0h 30m 47s)

